# JRE version: OpenJDK Runtime Environment Temurin-21.0.8+9 (21.0.8+9) (build 21.0.8+9-LTS)
# Java VM: OpenJDK 64-Bit Server VM Temurin-21.0.8+9 (21.0.8+9-LTS, mixed mode, sharing, tiered, compressed oops, compressed class ptrs, parallel gc, windows-amd64)
GC Precious Log:
 CardTable entry size: 512
 CPUs: 4 total, 4 available
 Memory: 6021M
 Large Page Support: Disabled
 NUMA Support: Disabled
 Compressed Oops: Enabled (32-bit)
 Alignments: Space 512K, Generation 512K, Heap 2M
 Heap Min Capacity: 100M
 Heap Initial Capacity: 100M
 Heap Max Capacity: 2G
 Pre-touch: Disabled
 Parallel Workers: 4
Heap:
 PSYoungGen      total 15872K, used 2929K [0x00000000d5580000, 0x00000000d6c00000, 0x0000000100000000)
  eden space 15360K, 15% used [0x00000000d5580000,0x00000000d57e46c0,0x00000000d6480000)
  from space 512K, 93% used [0x00000000d6600000,0x00000000d6678000,0x00000000d6680000)
  to   space 2048K, 0% used [0x00000000d6a00000,0x00000000d6a00000,0x00000000d6c00000)
 ParOldGen       total 840192K, used 839918K [0x0000000080000000, 0x00000000b3480000, 0x00000000d5580000)
  object space 840192K, 99% used [0x0000000080000000,0x00000000b343bba0,0x00000000b3480000)
 Metaspace       used 76842K, committed 78464K, reserved 1179648K
  class space    used 8208K, committed 8960K, reserved 1048576K
GC Heap History (20 events):
Event: 104.477 GC heap before
{Heap before GC invocations=1377 (full 3):
 PSYoungGen      total 16896K, used 16879K [0x00000000d5580000, 0x00000000d6980000, 0x0000000100000000)
  eden space 15360K, 99% used [0x00000000d5580000,0x00000000d647ffa0,0x00000000d6480000)
  from space 1536K, 98% used [0x00000000d6580000,0x00000000d66fc010,0x00000000d6700000)
  to   space 2560K, 0% used [0x00000000d6700000,0x00000000d6700000,0x00000000d6980000)
 ParOldGen       total 824320K, used 823917K [0x0000000080000000, 0x00000000b2500000, 0x00000000d5580000)
  object space 824320K, 99% used [0x0000000080000000,0x00000000b249b7f8,0x00000000b2500000)
 Metaspace       used 72004K, committed 73536K, reserved 1179648K
  class space    used 7597K, committed 8256K, reserved 1048576K
}
Event: 104.483 GC heap after
{Heap after GC invocations=1377 (full 3):
 PSYoungGen      total 15872K, used 416K [0x00000000d5580000, 0x00000000d6780000, 0x0000000100000000)
  eden space 15360K, 0% used [0x00000000d5580000,0x00000000d5580000,0x00000000d6480000)
  from space 512K, 81% used [0x00000000d6700000,0x00000000d6768000,0x00000000d6780000)
  to   space 1024K, 0% used [0x00000000d6580000,0x00000000d6580000,0x00000000d6680000)
 ParOldGen       total 825344K, used 824891K [0x0000000080000000, 0x00000000b2600000, 0x00000000d5580000)
  object space 825344K, 99% used [0x0000000080000000,0x00000000b258ef48,0x00000000b2600000)
 Metaspace       used 72004K, committed 73536K, reserved 1179648K
  class space    used 7597K, committed 8256K, reserved 1048576K
}
Event: 104.905 GC heap before
{Heap before GC invocations=1378 (full 3):
 PSYoungGen      total 15872K, used 15776K [0x00000000d5580000, 0x00000000d6780000, 0x0000000100000000)
  eden space 15360K, 100% used [0x00000000d5580000,0x00000000d6480000,0x00000000d6480000)
  from space 512K, 81% used [0x00000000d6700000,0x00000000d6768000,0x00000000d6780000)
  to   space 1024K, 0% used [0x00000000d6580000,0x00000000d6580000,0x00000000d6680000)
 ParOldGen       total 825344K, used 824891K [0x0000000080000000, 0x00000000b2600000, 0x00000000d5580000)
  object space 825344K, 99% used [0x0000000080000000,0x00000000b258ef48,0x00000000b2600000)
 Metaspace       used 72822K, committed 74368K, reserved 1179648K
  class space    used 7699K, committed 8384K, reserved 1048576K
}
Event: 104.912 GC heap after
{Heap after GC invocations=1378 (full 3):
 PSYoungGen      total 16384K, used 1019K [0x00000000d5580000, 0x00000000d6880000, 0x0000000100000000)
  eden space 15360K, 0% used [0x00000000d5580000,0x00000000d5580000,0x00000000d6480000)
  from space 1024K, 99% used [0x00000000d6580000,0x00000000d667ef38,0x00000000d6680000)
  to   space 2048K, 0% used [0x00000000d6680000,0x00000000d6680000,0x00000000d6880000)
 ParOldGen       total 825344K, used 825234K [0x0000000080000000, 0x00000000b2600000, 0x00000000d5580000)
  object space 825344K, 99% used [0x0000000080000000,0x00000000b25e4850,0x00000000b2600000)
 Metaspace       used 72822K, committed 74368K, reserved 1179648K
  class space    used 7699K, committed 8384K, reserved 1048576K
}
Event: 105.900 GC heap before
{Heap before GC invocations=1379 (full 3):
 PSYoungGen      total 16384K, used 16379K [0x00000000d5580000, 0x00000000d6880000, 0x0000000100000000)
  eden space 15360K, 100% used [0x00000000d5580000,0x00000000d6480000,0x00000000d6480000)
  from space 1024K, 99% used [0x00000000d6580000,0x00000000d667ef38,0x00000000d6680000)
  to   space 2048K, 0% used [0x00000000d6680000,0x00000000d6680000,0x00000000d6880000)
 ParOldGen       total 825344K, used 825234K [0x0000000080000000, 0x00000000b2600000, 0x00000000d5580000)
  object space 825344K, 99% used [0x0000000080000000,0x00000000b25e4850,0x00000000b2600000)
 Metaspace       used 72850K, committed 74368K, reserved 1179648K
  class space    used 7700K, committed 8384K, reserved 1048576K
}
Event: 105.905 GC heap after
{Heap after GC invocations=1379 (full 3):
 PSYoungGen      total 17408K, used 1483K [0x00000000d5580000, 0x00000000d6880000, 0x0000000100000000)
  eden space 15360K, 0% used [0x00000000d5580000,0x00000000d5580000,0x00000000d6480000)
  from space 2048K, 72% used [0x00000000d6680000,0x00000000d67f2f48,0x00000000d6880000)
  to   space 2048K, 0% used [0x00000000d6480000,0x00000000d6480000,0x00000000d6680000)
 ParOldGen       total 825856K, used 825506K [0x0000000080000000, 0x00000000b2680000, 0x00000000d5580000)
  object space 825856K, 99% used [0x0000000080000000,0x00000000b2628850,0x00000000b2680000)
 Metaspace       used 72850K, committed 74368K, reserved 1179648K
  class space    used 7700K, committed 8384K, reserved 1048576K
}
Event: 106.165 GC heap before
{Heap before GC invocations=1380 (full 3):
 PSYoungGen      total 17408K, used 16843K [0x00000000d5580000, 0x00000000d6880000, 0x0000000100000000)
  eden space 15360K, 100% used [0x00000000d5580000,0x00000000d6480000,0x00000000d6480000)
  from space 2048K, 72% used [0x00000000d6680000,0x00000000d67f2f48,0x00000000d6880000)
  to   space 2048K, 0% used [0x00000000d6480000,0x00000000d6480000,0x00000000d6680000)
 ParOldGen       total 825856K, used 825506K [0x0000000080000000, 0x00000000b2680000, 0x00000000d5580000)
  object space 825856K, 99% used [0x0000000080000000,0x00000000b2628850,0x00000000b2680000)
 Metaspace       used 73051K, committed 74560K, reserved 1179648K
  class space    used 7721K, committed 8384K, reserved 1048576K
}
Event: 106.171 GC heap after
{Heap after GC invocations=1380 (full 3):
 PSYoungGen      total 16384K, used 922K [0x00000000d5580000, 0x00000000d6780000, 0x0000000100000000)
  eden space 15360K, 0% used [0x00000000d5580000,0x00000000d5580000,0x00000000d6480000)
  from space 1024K, 90% used [0x00000000d6480000,0x00000000d6566900,0x00000000d6580000)
  to   space 1536K, 0% used [0x00000000d6600000,0x00000000d6600000,0x00000000d6780000)
 ParOldGen       total 825856K, used 825802K [0x0000000080000000, 0x00000000b2680000, 0x00000000d5580000)
  object space 825856K, 99% used [0x0000000080000000,0x00000000b2672860,0x00000000b2680000)
 Metaspace       used 73051K, committed 74560K, reserved 1179648K
  class space    used 7721K, committed 8384K, reserved 1048576K
}
Event: 106.477 GC heap before
{Heap before GC invocations=1381 (full 3):
 PSYoungGen      total 16384K, used 16282K [0x00000000d5580000, 0x00000000d6780000, 0x0000000100000000)
  eden space 15360K, 100% used [0x00000000d5580000,0x00000000d6480000,0x00000000d6480000)
  from space 1024K, 90% used [0x00000000d6480000,0x00000000d6566900,0x00000000d6580000)
  to   space 1536K, 0% used [0x00000000d6600000,0x00000000d6600000,0x00000000d6780000)
 ParOldGen       total 825856K, used 825802K [0x0000000080000000, 0x00000000b2680000, 0x00000000d5580000)
  object space 825856K, 99% used [0x0000000080000000,0x00000000b2672860,0x00000000b2680000)
 Metaspace       used 73134K, committed 74688K, reserved 1179648K
  class space    used 7721K, committed 8384K, reserved 1048576K
}
Event: 106.482 GC heap after
{Heap after GC invocations=1381 (full 3):
 PSYoungGen      total 15872K, used 128K [0x00000000d5580000, 0x00000000d6680000, 0x0000000100000000)
  eden space 15360K, 0% used [0x00000000d5580000,0x00000000d5580000,0x00000000d6480000)
  from space 512K, 25% used [0x00000000d6600000,0x00000000d6620000,0x00000000d6680000)
  to   space 512K, 0% used [0x00000000d6580000,0x00000000d6580000,0x00000000d6600000)
 ParOldGen       total 826368K, used 826333K [0x0000000080000000, 0x00000000b2700000, 0x00000000d5580000)
  object space 826368K, 99% used [0x0000000080000000,0x00000000b26f7540,0x00000000b2700000)
 Metaspace       used 73134K, committed 74688K, reserved 1179648K
  class space    used 7721K, committed 8384K, reserved 1048576K
}
Event: 106.844 GC heap before
{Heap before GC invocations=1382 (full 3):
 PSYoungGen      total 15872K, used 15484K [0x00000000d5580000, 0x00000000d6680000, 0x0000000100000000)
  eden space 15360K, 99% used [0x00000000d5580000,0x00000000d647f2f8,0x00000000d6480000)
  from space 512K, 25% used [0x00000000d6600000,0x00000000d6620000,0x00000000d6680000)
  to   space 512K, 0% used [0x00000000d6580000,0x00000000d6580000,0x00000000d6600000)
 ParOldGen       total 826368K, used 826333K [0x0000000080000000, 0x00000000b2700000, 0x00000000d5580000)
  object space 826368K, 99% used [0x0000000080000000,0x00000000b26f7540,0x00000000b2700000)
 Metaspace       used 73416K, committed 74880K, reserved 1179648K
  class space    used 7750K, committed 8384K, reserved 1048576K
}
Event: 106.850 GC heap after
{Heap after GC invocations=1382 (full 3):
 PSYoungGen      total 15872K, used 503K [0x00000000d5580000, 0x00000000d6d80000, 0x0000000100000000)
  eden space 15360K, 0% used [0x00000000d5580000,0x00000000d5580000,0x00000000d6480000)
  from space 512K, 98% used [0x00000000d6580000,0x00000000d65fdc50,0x00000000d6600000)
  to   space 4608K, 0% used [0x00000000d6900000,0x00000000d6900000,0x00000000d6d80000)
 ParOldGen       total 829440K, used 829400K [0x0000000080000000, 0x00000000b2a00000, 0x00000000d5580000)
  object space 829440K, 99% used [0x0000000080000000,0x00000000b29f6280,0x00000000b2a00000)
 Metaspace       used 73416K, committed 74880K, reserved 1179648K
  class space    used 7750K, committed 8384K, reserved 1048576K
}
Event: 107.010 GC heap before
{Heap before GC invocations=1383 (full 3):
 PSYoungGen      total 15872K, used 15834K [0x00000000d5580000, 0x00000000d6d80000, 0x0000000100000000)
  eden space 15360K, 99% used [0x00000000d5580000,0x00000000d6478d40,0x00000000d6480000)
  from space 512K, 98% used [0x00000000d6580000,0x00000000d65fdc50,0x00000000d6600000)
  to   space 4608K, 0% used [0x00000000d6900000,0x00000000d6900000,0x00000000d6d80000)
 ParOldGen       total 829440K, used 829400K [0x0000000080000000, 0x00000000b2a00000, 0x00000000d5580000)
  object space 829440K, 99% used [0x0000000080000000,0x00000000b29f6280,0x00000000b2a00000)
 Metaspace       used 73416K, committed 74880K, reserved 1179648K
  class space    used 7750K, committed 8384K, reserved 1048576K
}
Event: 107.015 GC heap after
{Heap after GC invocations=1383 (full 3):
 PSYoungGen      total 15872K, used 128K [0x00000000d5580000, 0x00000000d6980000, 0x0000000100000000)
  eden space 15360K, 0% used [0x00000000d5580000,0x00000000d5580000,0x00000000d6480000)
  from space 512K, 25% used [0x00000000d6900000,0x00000000d6920000,0x00000000d6980000)
  to   space 1536K, 0% used [0x00000000d6680000,0x00000000d6680000,0x00000000d6800000)
 ParOldGen       total 829952K, used 829696K [0x0000000080000000, 0x00000000b2a80000, 0x00000000d5580000)
  object space 829952K, 99% used [0x0000000080000000,0x00000000b2a40280,0x00000000b2a80000)
 Metaspace       used 73416K, committed 74880K, reserved 1179648K
  class space    used 7750K, committed 8384K, reserved 1048576K
}
Event: 108.261 GC heap before
{Heap before GC invocations=1384 (full 3):
 PSYoungGen      total 15872K, used 15488K [0x00000000d5580000, 0x00000000d6980000, 0x0000000100000000)
  eden space 15360K, 100% used [0x00000000d5580000,0x00000000d6480000,0x00000000d6480000)
  from space 512K, 25% used [0x00000000d6900000,0x00000000d6920000,0x00000000d6980000)
  to   space 1536K, 0% used [0x00000000d6680000,0x00000000d6680000,0x00000000d6800000)
 ParOldGen       total 829952K, used 829696K [0x0000000080000000, 0x00000000b2a80000, 0x00000000d5580000)
  object space 829952K, 99% used [0x0000000080000000,0x00000000b2a40280,0x00000000b2a80000)
 Metaspace       used 73733K, committed 75200K, reserved 1179648K
  class space    used 7780K, committed 8448K, reserved 1048576K
}
Event: 108.273 GC heap after
{Heap after GC invocations=1384 (full 3):
 PSYoungGen      total 16896K, used 1536K [0x00000000d5580000, 0x00000000d7280000, 0x0000000100000000)
  eden space 15360K, 0% used [0x00000000d5580000,0x00000000d5580000,0x00000000d6480000)
  from space 1536K, 100% used [0x00000000d6680000,0x00000000d6800000,0x00000000d6800000)
  to   space 7168K, 0% used [0x00000000d6b80000,0x00000000d6b80000,0x00000000d7280000)
 ParOldGen       total 834560K, used 834081K [0x0000000080000000, 0x00000000b2f00000, 0x00000000d5580000)
  object space 834560K, 99% used [0x0000000080000000,0x00000000b2e884d8,0x00000000b2f00000)
 Metaspace       used 73733K, committed 75200K, reserved 1179648K
  class space    used 7780K, committed 8448K, reserved 1048576K
}
Event: 108.811 GC heap before
{Heap before GC invocations=1385 (full 3):
 PSYoungGen      total 16896K, used 16896K [0x00000000d5580000, 0x00000000d7280000, 0x0000000100000000)
  eden space 15360K, 100% used [0x00000000d5580000,0x00000000d6480000,0x00000000d6480000)
  from space 1536K, 100% used [0x00000000d6680000,0x00000000d6800000,0x00000000d6800000)
  to   space 7168K, 0% used [0x00000000d6b80000,0x00000000d6b80000,0x00000000d7280000)
 ParOldGen       total 834560K, used 834081K [0x0000000080000000, 0x00000000b2f00000, 0x00000000d5580000)
  object space 834560K, 99% used [0x0000000080000000,0x00000000b2e884d8,0x00000000b2f00000)
 Metaspace       used 75140K, committed 76608K, reserved 1179648K
  class space    used 7951K, committed 8576K, reserved 1048576K
}
Event: 108.823 GC heap after
{Heap after GC invocations=1385 (full 3):
 PSYoungGen      total 19968K, used 4369K [0x00000000d5580000, 0x00000000d7000000, 0x0000000100000000)
  eden space 15360K, 0% used [0x00000000d5580000,0x00000000d5580000,0x00000000d6480000)
  from space 4608K, 94% used [0x00000000d6b80000,0x00000000d6fc45f0,0x00000000d7000000)
  to   space 5120K, 0% used [0x00000000d6600000,0x00000000d6600000,0x00000000d6b00000)
 ParOldGen       total 836096K, used 835627K [0x0000000080000000, 0x00000000b3080000, 0x00000000d5580000)
  object space 836096K, 99% used [0x0000000080000000,0x00000000b300aef0,0x00000000b3080000)
 Metaspace       used 75140K, committed 76608K, reserved 1179648K
  class space    used 7951K, committed 8576K, reserved 1048576K
}
Event: 368.883 GC heap before
{Heap before GC invocations=1386 (full 3):
 PSYoungGen      total 19968K, used 19729K [0x00000000d5580000, 0x00000000d7000000, 0x0000000100000000)
  eden space 15360K, 100% used [0x00000000d5580000,0x00000000d6480000,0x00000000d6480000)
  from space 4608K, 94% used [0x00000000d6b80000,0x00000000d6fc45f0,0x00000000d7000000)
  to   space 5120K, 0% used [0x00000000d6600000,0x00000000d6600000,0x00000000d6b00000)
 ParOldGen       total 836096K, used 835627K [0x0000000080000000, 0x00000000b3080000, 0x00000000d5580000)
  object space 836096K, 99% used [0x0000000080000000,0x00000000b300aef0,0x00000000b3080000)
 Metaspace       used 76807K, committed 78464K, reserved 1179648K
  class space    used 8208K, committed 8960K, reserved 1048576K
}
Event: 370.070 GC heap after
{Heap after GC invocations=1386 (full 3):
 PSYoungGen      total 15872K, used 480K [0x00000000d5580000, 0x00000000d6c00000, 0x0000000100000000)
  eden space 15360K, 0% used [0x00000000d5580000,0x00000000d5580000,0x00000000d6480000)
  from space 512K, 93% used [0x00000000d6600000,0x00000000d6678000,0x00000000d6680000)
  to   space 2048K, 0% used [0x00000000d6a00000,0x00000000d6a00000,0x00000000d6c00000)
 ParOldGen       total 840192K, used 839918K [0x0000000080000000, 0x00000000b3480000, 0x00000000d5580000)
  object space 840192K, 99% used [0x0000000080000000,0x00000000b343bba0,0x00000000b3480000)
 Metaspace       used 76807K, committed 78464K, reserved 1179648K
  class space    used 8208K, committed 8960K, reserved 1048576K
}

